<?xml version="1.0" encoding="UTF-8"?>
<!-- Generated by org.testng.reporters.JUnitXMLReporter -->
<testsuite ignored="3" hostname="ECN77" failures="0" tests="1" name="Default test" time="25.903" errors="0" timestamp="13 ene. 2020 19:27:26 GMT">
  <testcase classname="page.test.test_temporal" name="autoliquidacion_IYC" time="16.879"/>
  <testcase classname="page.test.test_temporal" name="testdb" time="0.0">
    <ignored/>
  </testcase> <!-- testdb -->
  <testcase classname="page.test.test_temporal" name="autoliquidacion_INM" time="0.0">
    <ignored/>
  </testcase> <!-- autoliquidacion_INM -->
  <testcase classname="page.test.test_temporal" name="temporal1" time="0.0">
    <ignored/>
  </testcase> <!-- temporal1 -->
</testsuite> <!-- Default test -->
