<?xml version="1.0" encoding="UTF-8"?>
<testng-results ignored="3" total="4" passed="1" failed="0" skipped="0">
  <reporter-output>
  </reporter-output>
  <suite started-at="2020-01-13T19:27:00Z" name="Default suite" finished-at="2020-01-13T19:27:26Z" duration-ms="25903">
    <groups>
    </groups>
    <test started-at="2020-01-13T19:27:00Z" name="Default test" finished-at="2020-01-13T19:27:26Z" duration-ms="25903">
      <class name="page.test.test_temporal">
        <test-method is-config="true" signature="setUp()[pri:0, instance:page.test.test_temporal@3e11f9e9]" started-at="2020-01-13T19:27:00Z" name="setUp" finished-at="2020-01-13T19:27:06Z" duration-ms="5710" status="PASS">
          <reporter-output>
          </reporter-output>
        </test-method> <!-- setUp -->
        <test-method signature="autoliquidacion_IYC()[pri:0, instance:page.test.test_temporal@3e11f9e9]" started-at="2020-01-13T19:27:06Z" name="autoliquidacion_IYC" finished-at="2020-01-13T19:27:23Z" duration-ms="16879" status="PASS">
          <reporter-output>
          </reporter-output>
        </test-method> <!-- autoliquidacion_IYC -->
        <test-method is-config="true" signature="tearDown()[pri:0, instance:page.test.test_temporal@3e11f9e9]" started-at="2020-01-13T19:27:23Z" name="tearDown" finished-at="2020-01-13T19:27:26Z" duration-ms="3285" status="PASS">
          <reporter-output>
          </reporter-output>
        </test-method> <!-- tearDown -->
      </class> <!-- page.test.test_temporal -->
    </test> <!-- Default test -->
  </suite> <!-- Default suite -->
</testng-results>
